<?xml version="1.0" encoding="UTF-8" ?>
<testsuite tests="11" failures="0" name="CRUDuser.UserDAOTest" time="1.213" errors="0" skipped="0">
  <properties>
[...]
</properties>
  <testcase classname="CRUDuser.UserDAOTest" name="testAddUser" time="0.018"/>
  <testcase classname="CRUDuser.UserDAOTest" name="testAddUser2" time="0.492"/>
  <testcase classname="CRUDuser.UserDAOTest" name="testAddUser3" time="0.001"/>
  <testcase classname="CRUDuser.UserDAOTest" name="testAddUser4" time="0.002"/>
  <testcase classname="CRUDuser.UserDAOTest" name="testAddUser5" time="0.004"/>
  <testcase classname="CRUDuser.UserDAOTest" name="testOpenConnection1" time="0.42"/>
  <testcase classname="CRUDuser.UserDAOTest" name="testOpenConnection2" time="0.02"/>
  <testcase classname="CRUDuser.UserDAOTest" name="testOpenConnection3" time="0.036"/>
  <testcase classname="CRUDuser.UserDAOTest" name="testOpenConnection4" time="0"/>
  <testcase classname="CRUDuser.UserDAOTest" name="testOpenConnection5" time="0.215"/>
  <testcase classname="CRUDuser.UserDAOTest" name="testDeleteUser" time="0.005"/>
</testsuite>