<?xml version="1.0" encoding="UTF-8" ?>
<testsuite tests="10" failures="0" name="CRUDuser.UserDAOTest" time="21.972" errors="0" skipped="0">
  <properties>
[...]
</properties>
  <testcase classname="CRUDuser.UserDAOTest" name="testUnBlockUser" time="0"/>
  <testcase classname="CRUDuser.UserDAOTest" name="testGetSingleUser" time="0"/>
  <testcase classname="CRUDuser.UserDAOTest" name="testAddUser" time="21.972"/>
  <testcase classname="CRUDuser.UserDAOTest" name="testGetAllUsers" time="0"/>
  <testcase classname="CRUDuser.UserDAOTest" name="testEditUserInfo" time="0"/>
  <testcase classname="CRUDuser.UserDAOTest" name="testDeleteUser" time="0"/>
  <testcase classname="CRUDuser.UserDAOTest" name="testBlockUser" time="0"/>
  <testcase classname="CRUDuser.UserDAOTest" name="testMakeNormalUser" time="0"/>
  <testcase classname="CRUDuser.UserDAOTest" name="testResetPassword" time="0"/>
  <testcase classname="CRUDuser.UserDAOTest" name="testMakeAdmin" time="0"/>
</testsuite>